<?xml version="1.0" encoding="UTF-8"?>
<!-- Generated by org.testng.reporters.JUnitXMLReporter -->
<testsuite hostname="Shweta-PC" ignored="0" name="Default test" tests="3" failures="0" timestamp="02 Aug 2017 19:22:14 GMT" time="24.239" errors="0">
  <testcase name="login" time="0.451" classname="Testannotation.framework"/>
  <testcase name="login" time="0.413" classname="Testannotation.framework"/>
  <testcase name="login" time="0.46" classname="Testannotation.framework"/>
</testsuite> <!-- Default test -->
