<?xml version="1.0" encoding="UTF-8"?>
<testng-results skipped="0" failed="0" ignored="0" total="3" passed="3">
  <reporter-output>
  </reporter-output>
  <suite name="Default suite" duration-ms="24239" started-at="2017-08-02T19:21:50Z" finished-at="2017-08-02T19:22:14Z">
    <groups>
    </groups>
    <test name="Default test" duration-ms="24239" started-at="2017-08-02T19:21:50Z" finished-at="2017-08-02T19:22:14Z">
      <class name="Testannotation.framework">
        <test-method status="PASS" signature="startdriver()[pri:0, instance:Testannotation.framework@3a82f6ef]" name="startdriver" is-config="true" duration-ms="7036" started-at="2017-08-03T00:51:51Z" finished-at="2017-08-03T00:51:58Z">
          <reporter-output>
          </reporter-output>
        </test-method> <!-- startdriver -->
        <test-method status="PASS" signature="login(java.lang.String, java.lang.String)[pri:0, instance:Testannotation.framework@3a82f6ef]" name="login" duration-ms="451" started-at="2017-08-03T00:51:58Z" data-provider="excel" finished-at="2017-08-03T00:51:59Z">
          <params>
            <param index="0">
              <value>
                <![CDATA[username1]]>
              </value>
            </param>
            <param index="1">
              <value>
                <![CDATA[pwd1]]>
              </value>
            </param>
          </params>
          <reporter-output>
          </reporter-output>
        </test-method> <!-- login -->
        <test-method status="PASS" signature="close()[pri:0, instance:Testannotation.framework@3a82f6ef]" name="close" is-config="true" duration-ms="1096" started-at="2017-08-03T00:51:59Z" finished-at="2017-08-03T00:52:00Z">
          <reporter-output>
          </reporter-output>
        </test-method> <!-- close -->
        <test-method status="PASS" signature="startdriver()[pri:0, instance:Testannotation.framework@3a82f6ef]" name="startdriver" is-config="true" duration-ms="6098" started-at="2017-08-03T00:52:00Z" finished-at="2017-08-03T00:52:06Z">
          <reporter-output>
          </reporter-output>
        </test-method> <!-- startdriver -->
        <test-method status="PASS" signature="login(java.lang.String, java.lang.String)[pri:0, instance:Testannotation.framework@3a82f6ef]" name="login" duration-ms="413" started-at="2017-08-03T00:52:06Z" data-provider="excel" finished-at="2017-08-03T00:52:06Z">
          <params>
            <param index="0">
              <value>
                <![CDATA[username2]]>
              </value>
            </param>
            <param index="1">
              <value>
                <![CDATA[pwd]]>
              </value>
            </param>
          </params>
          <reporter-output>
          </reporter-output>
        </test-method> <!-- login -->
        <test-method status="PASS" signature="close()[pri:0, instance:Testannotation.framework@3a82f6ef]" name="close" is-config="true" duration-ms="878" started-at="2017-08-03T00:52:06Z" finished-at="2017-08-03T00:52:07Z">
          <reporter-output>
          </reporter-output>
        </test-method> <!-- close -->
        <test-method status="PASS" signature="startdriver()[pri:0, instance:Testannotation.framework@3a82f6ef]" name="startdriver" is-config="true" duration-ms="6035" started-at="2017-08-03T00:52:07Z" finished-at="2017-08-03T00:52:13Z">
          <reporter-output>
          </reporter-output>
        </test-method> <!-- startdriver -->
        <test-method status="PASS" signature="login(java.lang.String, java.lang.String)[pri:0, instance:Testannotation.framework@3a82f6ef]" name="login" duration-ms="460" started-at="2017-08-03T00:52:13Z" data-provider="excel" finished-at="2017-08-03T00:52:13Z">
          <params>
            <param index="0">
              <value>
                <![CDATA[username3]]>
              </value>
            </param>
            <param index="1">
              <value>
                <![CDATA[pwd3]]>
              </value>
            </param>
          </params>
          <reporter-output>
          </reporter-output>
        </test-method> <!-- login -->
        <test-method status="PASS" signature="close()[pri:0, instance:Testannotation.framework@3a82f6ef]" name="close" is-config="true" duration-ms="885" started-at="2017-08-03T00:52:13Z" finished-at="2017-08-03T00:52:14Z">
          <reporter-output>
          </reporter-output>
        </test-method> <!-- close -->
      </class> <!-- Testannotation.framework -->
    </test> <!-- Default test -->
  </suite> <!-- Default suite -->
</testng-results>
